[0625/231123.056:INFO:CONSOLE(0)] "Error with Permissions-Policy header: Feature xr-spatial-tracking's parameters are ignored.", source:  (0)
[0625/231123.057:INFO:CONSOLE(0)] "Error with Permissions-Policy header: Origin trial controlled feature not enabled: 'attribution-reporting'.", source:  (0)
[0625/231123.057:INFO:CONSOLE(0)] "Error with Permissions-Policy header: Unrecognized feature: 'battery'.", source:  (0)
[0625/231123.057:INFO:CONSOLE(0)] "Error with Permissions-Policy header: Unrecognized feature: 'compute-pressure'.", source:  (0)
[0625/231123.057:INFO:CONSOLE(0)] "Error with Permissions-Policy header: Origin trial controlled feature not enabled: 'interest-cohort'.", source:  (0)
[0625/231123.057:INFO:CONSOLE(0)] "Error with Permissions-Policy header: Unrecognized feature: 'private-state-token-issuance'.", source:  (0)
[0625/231123.057:INFO:CONSOLE(0)] "Error with Permissions-Policy header: Origin trial controlled feature not enabled: 'shared-storage'.", source:  (0)
[0625/231123.057:INFO:CONSOLE(0)] "Error with Permissions-Policy header: Unrecognized feature: 'shared-storage-select-url'.", source:  (0)
[0625/231123.057:INFO:CONSOLE(0)] "Error with Permissions-Policy header: Unrecognized feature: 'private-state-token-redemption'.", source:  (0)
[0625/231123.057:INFO:CONSOLE(0)] "Error with Permissions-Policy header: Unrecognized feature: 'usb-unrestricted'.", source:  (0)
[0625/231123.057:INFO:CONSOLE(0)] "Error with Permissions-Policy header: Unrecognized feature: 'unload'.", source:  (0)
[0625/231123.057:INFO:CONSOLE(0)] "Error with Permissions-Policy header: Unrecognized feature: 'window-management'.", source:  (0)
[0625/231123.058:WARNING:backend_impl.cc(1816)] Destroying invalid entry.
[0625/231123.059:WARNING:backend_impl.cc(1816)] Destroying invalid entry.
[0625/231123.059:WARNING:backend_impl.cc(1816)] Destroying invalid entry.
[0625/231123.060:WARNING:backend_impl.cc(1816)] Destroying invalid entry.
[0625/231123.061:WARNING:backend_impl.cc(1816)] Destroying invalid entry.
[0625/231123.062:WARNING:backend_impl.cc(1816)] Destroying invalid entry.
[0625/231123.062:WARNING:backend_impl.cc(1816)] Destroying invalid entry.
[0625/231123.063:WARNING:backend_impl.cc(1816)] Destroying invalid entry.
[0625/231123.188:WARNING:backend_impl.cc(1816)] Destroying invalid entry.
